0 info it worked if it ends with ok
1 verbose cli [ 'node', '/usr/local/bin/npm', 'publish' ]
2 info using npm@2.7.1
3 info using node@v1.3.0
4 verbose node symlink /usr/local/bin/node
5 verbose publish [ '.' ]
6 silly cache add args [ '.', null ]
7 verbose cache add spec .
8 silly cache add parsed spec { raw: '.',
8 silly cache add   scope: null,
8 silly cache add   name: null,
8 silly cache add   rawSpec: '.',
8 silly cache add   spec: '/Users/onilpereyra/zipcoderd',
8 silly cache add   type: 'directory' }
9 verbose addLocalDirectory /Users/onilpereyra/.npm/zipcode/0.1.1/package.tgz not in flight; packing
10 verbose tar pack [ '/Users/onilpereyra/.npm/zipcode/0.1.1/package.tgz',
10 verbose tar pack   '/Users/onilpereyra/zipcoderd' ]
11 verbose tarball /Users/onilpereyra/.npm/zipcode/0.1.1/package.tgz
12 verbose folder /Users/onilpereyra/zipcoderd
13 info prepublish zipcode@0.1.1
14 verbose addLocalTarball adding from inside cache /Users/onilpereyra/.npm/zipcode/0.1.1/package.tgz
15 silly cache afterAdd zipcode@0.1.1
16 verbose afterAdd /Users/onilpereyra/.npm/zipcode/0.1.1/package/package.json not in flight; writing
17 verbose afterAdd /Users/onilpereyra/.npm/zipcode/0.1.1/package/package.json written
18 silly publish { name: 'zipcode',
18 silly publish   version: '0.1.1',
18 silly publish   description: 'Easily lookup sector and province for a Dominican Republic zipcode',
18 silly publish   scripts: { test: 'node test.js' },
18 silly publish   repository:
18 silly publish    { type: 'git',
18 silly publish      url: 'https://github.com/onilpereyra/zipcoderd.git' },
18 silly publish   keywords: [ 'zip', 'usps', 'city', 'state' ],
18 silly publish   author: { name: 'Onil Pereyra', email: 'onil.pereyra@gmail.com' },
18 silly publish   license: 'MIT',
18 silly publish   bugs: { url: 'https://github.com/onilpereyra/zipcoderd/issues' },
18 silly publish   homepage: 'https://github.com/onilpereyra/zipcoderd',
18 silly publish   readme: 'zipcoderd\n=======\n\nNode module to easily lookup sector and province for a Dominican Republic zipcode\n\nInstall using npm:\n\n    npm install zipcoderd\n\n```javascript\nvar zipcode = require(\'zipcode\');\n\n// returns data in [sector, province] format\nzipcode.lookup(\'10205\'); // [\'GAZCUE\',\'SANTO DOMINGO\']\n```\n\n## License\n\nMIT\n',
18 silly publish   readmeFilename: 'README.md',
18 silly publish   gitHead: 'a9b93c69e5efe6820a2e1f0aeedbd6ddb7513a74',
18 silly publish   _id: 'zipcode@0.1.1',
18 silly publish   _shasum: '73e804a32187c5dded12d6796062a401f8075f99',
18 silly publish   _from: '.' }
19 silly mapToRegistry name zipcode
20 silly mapToRegistry using default registry
21 silly mapToRegistry registry https://registry.npmjs.org/
22 silly mapToRegistry uri https://registry.npmjs.org/zipcode
23 verbose publish registryBase https://registry.npmjs.org/
24 silly publish uploading /Users/onilpereyra/.npm/zipcode/0.1.1/package.tgz
25 verbose request uri https://registry.npmjs.org/zipcode
26 verbose request sending authorization for write operation
27 info attempt registry request try #1 at 14:02:30
28 verbose request using bearer token for auth
29 verbose request id dc0383c5522b23e3
30 http request PUT https://registry.npmjs.org/zipcode
31 http 404 https://registry.npmjs.org/zipcode
32 verbose headers { 'content-type': 'application/json',
32 verbose headers   'cache-control': 'max-age=0',
32 verbose headers   'content-length': '21',
32 verbose headers   'accept-ranges': 'bytes',
32 verbose headers   date: 'Sat, 25 Apr 2015 18:02:26 GMT',
32 verbose headers   via: '1.1 varnish',
32 verbose headers   connection: 'keep-alive',
32 verbose headers   'x-served-by': 'cache-atl6220-ATL',
32 verbose headers   'x-cache': 'MISS',
32 verbose headers   'x-cache-hits': '0',
32 verbose headers   'x-timer': 'S1429984945.854873,VS0,VE327' }
33 verbose request invalidating /Users/onilpereyra/.npm/registry.npmjs.org/zipcode on PUT
34 error publish Failed PUT 404
35 verbose stack Error: Not found : zipcode
35 verbose stack     at CachingRegistryClient.<anonymous> (/usr/local/lib/node_modules/npm/node_modules/npm-registry-client/lib/request.js:254:14)
35 verbose stack     at Request._callback (/usr/local/lib/node_modules/npm/node_modules/npm-registry-client/lib/request.js:178:14)
35 verbose stack     at Request.self.callback (/usr/local/lib/node_modules/npm/node_modules/request/request.js:344:22)
35 verbose stack     at emitTwo (events.js:87:13)
35 verbose stack     at Request.emit (events.js:169:7)
35 verbose stack     at Request.<anonymous> (/usr/local/lib/node_modules/npm/node_modules/request/request.js:1239:14)
35 verbose stack     at emitOne (events.js:82:20)
35 verbose stack     at Request.emit (events.js:166:7)
35 verbose stack     at IncomingMessage.<anonymous> (/usr/local/lib/node_modules/npm/node_modules/request/request.js:1187:12)
35 verbose stack     at emitNone (events.js:72:20)
36 verbose statusCode 404
37 verbose pkgid zipcode
38 verbose cwd /Users/onilpereyra/zipcoderd
39 error Darwin 14.1.0
40 error argv "node" "/usr/local/bin/npm" "publish"
41 error node v1.3.0
42 error npm  v2.7.1
43 error code E404
44 error 404 Not found : zipcode
44 error 404
44 error 404 'zipcode' is not in the npm registry.
44 error 404 You should bug the author to publish it (or use the name yourself!)
44 error 404
44 error 404 Note that you can also install from a
44 error 404 tarball, folder, http url, or git url.
45 verbose exit [ 1, true ]
